2019-11-27T01:42:11+00:00 CRITICAL Uncaught Error: Cannot use object of type WC_Product_Simple as array in D:\xampp2\htdocs\shopping\shoptinhteo\wp-content\themes\storefront\template-parts\popup.php:64
Stack trace:
#0 D:\xampp2\htdocs\shopping\shoptinhteo\wp-content\themes\storefront\inc\setup.php(151): include()
#1 D:\xampp2\htdocs\shopping\shoptinhteo\wp-includes\class-wp-hook.php(286): callback_product_detail('')
#2 D:\xampp2\htdocs\shopping\shoptinhteo\wp-includes\class-wp-hook.php(310): WP_Hook->apply_filters('', Array)
#3 D:\xampp2\htdocs\shopping\shoptinhteo\wp-includes\plugin.php(465): WP_Hook->do_action(Array)
#4 D:\xampp2\htdocs\shopping\shoptinhteo\wp-admin\admin-ajax.php(173): do_action('wp_ajax_product...')
#5 {main}
  thrown in D:\xampp2\htdocs\shopping\shoptinhteo\wp-content\themes\storefront\template-parts\popup.php on line 64

2019-11-27T01:42:53+00:00 CRITICAL Uncaught Error: Call to a member function get_name() on boolean in D:\xampp2\htdocs\shopping\shoptinhteo\wp-content\themes\storefront\template-parts\popup.php:64
Stack trace:
#0 D:\xampp2\htdocs\shopping\shoptinhteo\wp-content\themes\storefront\footer.php(157): include()
#1 D:\xampp2\htdocs\shopping\shoptinhteo\wp-includes\template.php(722): require_once('D:\\xampp2\\htdoc...')
#2 D:\xampp2\htdocs\shopping\shoptinhteo\wp-includes\template.php(671): load_template('D:\\xampp2\\htdoc...', true)
#3 D:\xampp2\htdocs\shopping\shoptinhteo\wp-includes\general-template.php(76): locate_template(Array, true)
#4 D:\xampp2\htdocs\shopping\shoptinhteo\wp-content\themes\storefront\page\home.php(703): get_footer()
#5 D:\xampp2\htdocs\shopping\shoptinhteo\wp-includes\template-loader.php(78): include('D:\\xampp2\\htdoc...')
#6 D:\xampp2\htdocs\shopping\shoptinhteo\wp-blog-header.php(19): require_once('D:\\xampp2\\htdoc...')
#7 D:\xampp2\htdocs\shopping\shoptinhteo\index.php(17): require('D:\\xampp2\\htdoc...')
#8 {main}
  thro in D:\xampp2\htdocs\shopping\shoptinhteo\wp-content\themes\storefront\template-parts\popup.php on line 64

2019-11-27T01:49:19+00:00 CRITICAL Uncaught Error: Call to a member function get_title() on boolean in D:\xampp2\htdocs\shopping\shoptinhteo\wp-content\themes\storefront\template-parts\popup.php:8
Stack trace:
#0 D:\xampp2\htdocs\shopping\shoptinhteo\wp-content\themes\storefront\footer.php(157): include()
#1 D:\xampp2\htdocs\shopping\shoptinhteo\wp-includes\template.php(722): require_once('D:\\xampp2\\htdoc...')
#2 D:\xampp2\htdocs\shopping\shoptinhteo\wp-includes\template.php(671): load_template('D:\\xampp2\\htdoc...', true)
#3 D:\xampp2\htdocs\shopping\shoptinhteo\wp-includes\general-template.php(76): locate_template(Array, true)
#4 D:\xampp2\htdocs\shopping\shoptinhteo\wp-content\themes\storefront\page\home.php(703): get_footer()
#5 D:\xampp2\htdocs\shopping\shoptinhteo\wp-includes\template-loader.php(78): include('D:\\xampp2\\htdoc...')
#6 D:\xampp2\htdocs\shopping\shoptinhteo\wp-blog-header.php(19): require_once('D:\\xampp2\\htdoc...')
#7 D:\xampp2\htdocs\shopping\shoptinhteo\index.php(17): require('D:\\xampp2\\htdoc...')
#8 {main}
  thro in D:\xampp2\htdocs\shopping\shoptinhteo\wp-content\themes\storefront\template-parts\popup.php on line 8

2019-11-27T01:49:51+00:00 CRITICAL Uncaught Error: Call to a member function get_title() on boolean in D:\xampp2\htdocs\shopping\shoptinhteo\wp-content\themes\storefront\template-parts\popup.php:8
Stack trace:
#0 D:\xampp2\htdocs\shopping\shoptinhteo\wp-content\themes\storefront\footer.php(157): include()
#1 D:\xampp2\htdocs\shopping\shoptinhteo\wp-includes\template.php(722): require_once('D:\\xampp2\\htdoc...')
#2 D:\xampp2\htdocs\shopping\shoptinhteo\wp-includes\template.php(671): load_template('D:\\xampp2\\htdoc...', true)
#3 D:\xampp2\htdocs\shopping\shoptinhteo\wp-includes\general-template.php(76): locate_template(Array, true)
#4 D:\xampp2\htdocs\shopping\shoptinhteo\wp-content\themes\storefront\page\home.php(703): get_footer()
#5 D:\xampp2\htdocs\shopping\shoptinhteo\wp-includes\template-loader.php(78): include('D:\\xampp2\\htdoc...')
#6 D:\xampp2\htdocs\shopping\shoptinhteo\wp-blog-header.php(19): require_once('D:\\xampp2\\htdoc...')
#7 D:\xampp2\htdocs\shopping\shoptinhteo\index.php(17): require('D:\\xampp2\\htdoc...')
#8 {main}
  thro in D:\xampp2\htdocs\shopping\shoptinhteo\wp-content\themes\storefront\template-parts\popup.php on line 8

2019-11-27T01:50:47+00:00 CRITICAL Uncaught Error: Call to a member function get_title() on boolean in D:\xampp2\htdocs\shopping\shoptinhteo\wp-content\themes\storefront\template-parts\popup.php:66
Stack trace:
#0 D:\xampp2\htdocs\shopping\shoptinhteo\wp-content\themes\storefront\footer.php(157): include()
#1 D:\xampp2\htdocs\shopping\shoptinhteo\wp-includes\template.php(722): require_once('D:\\xampp2\\htdoc...')
#2 D:\xampp2\htdocs\shopping\shoptinhteo\wp-includes\template.php(671): load_template('D:\\xampp2\\htdoc...', true)
#3 D:\xampp2\htdocs\shopping\shoptinhteo\wp-includes\general-template.php(76): locate_template(Array, true)
#4 D:\xampp2\htdocs\shopping\shoptinhteo\wp-content\themes\storefront\page\home.php(703): get_footer()
#5 D:\xampp2\htdocs\shopping\shoptinhteo\wp-includes\template-loader.php(78): include('D:\\xampp2\\htdoc...')
#6 D:\xampp2\htdocs\shopping\shoptinhteo\wp-blog-header.php(19): require_once('D:\\xampp2\\htdoc...')
#7 D:\xampp2\htdocs\shopping\shoptinhteo\index.php(17): require('D:\\xampp2\\htdoc...')
#8 {main}
  thr in D:\xampp2\htdocs\shopping\shoptinhteo\wp-content\themes\storefront\template-parts\popup.php on line 66

2019-11-27T01:52:18+00:00 CRITICAL Uncaught Error: Call to a member function get_title() on boolean in D:\xampp2\htdocs\shopping\shoptinhteo\wp-content\themes\storefront\template-parts\popup.php:66
Stack trace:
#0 D:\xampp2\htdocs\shopping\shoptinhteo\wp-content\themes\storefront\footer.php(157): include()
#1 D:\xampp2\htdocs\shopping\shoptinhteo\wp-includes\template.php(722): require_once('D:\\xampp2\\htdoc...')
#2 D:\xampp2\htdocs\shopping\shoptinhteo\wp-includes\template.php(671): load_template('D:\\xampp2\\htdoc...', true)
#3 D:\xampp2\htdocs\shopping\shoptinhteo\wp-includes\general-template.php(76): locate_template(Array, true)
#4 D:\xampp2\htdocs\shopping\shoptinhteo\wp-content\themes\storefront\page\home.php(703): get_footer()
#5 D:\xampp2\htdocs\shopping\shoptinhteo\wp-includes\template-loader.php(78): include('D:\\xampp2\\htdoc...')
#6 D:\xampp2\htdocs\shopping\shoptinhteo\wp-blog-header.php(19): require_once('D:\\xampp2\\htdoc...')
#7 D:\xampp2\htdocs\shopping\shoptinhteo\index.php(17): require('D:\\xampp2\\htdoc...')
#8 {main}
  thr in D:\xampp2\htdocs\shopping\shoptinhteo\wp-content\themes\storefront\template-parts\popup.php on line 66

2019-11-27T02:01:46+00:00 CRITICAL Uncaught Error: Call to a member function get_title() on boolean in D:\xampp2\htdocs\shopping\shoptinhteo\wp-content\themes\storefront\template-parts\popup.php:66
Stack trace:
#0 D:\xampp2\htdocs\shopping\shoptinhteo\wp-content\themes\storefront\footer.php(157): include()
#1 D:\xampp2\htdocs\shopping\shoptinhteo\wp-includes\template.php(722): require_once('D:\\xampp2\\htdoc...')
#2 D:\xampp2\htdocs\shopping\shoptinhteo\wp-includes\template.php(671): load_template('D:\\xampp2\\htdoc...', true)
#3 D:\xampp2\htdocs\shopping\shoptinhteo\wp-includes\general-template.php(76): locate_template(Array, true)
#4 D:\xampp2\htdocs\shopping\shoptinhteo\wp-content\themes\storefront\page\home.php(703): get_footer()
#5 D:\xampp2\htdocs\shopping\shoptinhteo\wp-includes\template-loader.php(78): include('D:\\xampp2\\htdoc...')
#6 D:\xampp2\htdocs\shopping\shoptinhteo\wp-blog-header.php(19): require_once('D:\\xampp2\\htdoc...')
#7 D:\xampp2\htdocs\shopping\shoptinhteo\index.php(17): require('D:\\xampp2\\htdoc...')
#8 {main}
  thr in D:\xampp2\htdocs\shopping\shoptinhteo\wp-content\themes\storefront\template-parts\popup.php on line 66

2019-11-27T02:02:27+00:00 CRITICAL Uncaught Error: Call to a member function get_title() on boolean in D:\xampp2\htdocs\shopping\shoptinhteo\wp-content\themes\storefront\template-parts\popup.php:66
Stack trace:
#0 D:\xampp2\htdocs\shopping\shoptinhteo\wp-content\themes\storefront\footer.php(157): include()
#1 D:\xampp2\htdocs\shopping\shoptinhteo\wp-includes\template.php(722): require_once('D:\\xampp2\\htdoc...')
#2 D:\xampp2\htdocs\shopping\shoptinhteo\wp-includes\template.php(671): load_template('D:\\xampp2\\htdoc...', true)
#3 D:\xampp2\htdocs\shopping\shoptinhteo\wp-includes\general-template.php(76): locate_template(Array, true)
#4 D:\xampp2\htdocs\shopping\shoptinhteo\wp-content\themes\storefront\page\home.php(703): get_footer()
#5 D:\xampp2\htdocs\shopping\shoptinhteo\wp-includes\template-loader.php(78): include('D:\\xampp2\\htdoc...')
#6 D:\xampp2\htdocs\shopping\shoptinhteo\wp-blog-header.php(19): require_once('D:\\xampp2\\htdoc...')
#7 D:\xampp2\htdocs\shopping\shoptinhteo\index.php(17): require('D:\\xampp2\\htdoc...')
#8 {main}
  thr in D:\xampp2\htdocs\shopping\shoptinhteo\wp-content\themes\storefront\template-parts\popup.php on line 66

2019-11-27T02:02:49+00:00 CRITICAL Uncaught Error: Call to a member function get_title() on boolean in D:\xampp2\htdocs\shopping\shoptinhteo\wp-content\themes\storefront\template-parts\popup.php:66
Stack trace:
#0 D:\xampp2\htdocs\shopping\shoptinhteo\wp-content\themes\storefront\footer.php(157): include()
#1 D:\xampp2\htdocs\shopping\shoptinhteo\wp-includes\template.php(722): require_once('D:\\xampp2\\htdoc...')
#2 D:\xampp2\htdocs\shopping\shoptinhteo\wp-includes\template.php(671): load_template('D:\\xampp2\\htdoc...', true)
#3 D:\xampp2\htdocs\shopping\shoptinhteo\wp-includes\general-template.php(76): locate_template(Array, true)
#4 D:\xampp2\htdocs\shopping\shoptinhteo\wp-content\themes\storefront\page\home.php(703): get_footer()
#5 D:\xampp2\htdocs\shopping\shoptinhteo\wp-includes\template-loader.php(78): include('D:\\xampp2\\htdoc...')
#6 D:\xampp2\htdocs\shopping\shoptinhteo\wp-blog-header.php(19): require_once('D:\\xampp2\\htdoc...')
#7 D:\xampp2\htdocs\shopping\shoptinhteo\index.php(17): require('D:\\xampp2\\htdoc...')
#8 {main}
  thr in D:\xampp2\htdocs\shopping\shoptinhteo\wp-content\themes\storefront\template-parts\popup.php on line 66

2019-11-27T02:02:51+00:00 CRITICAL Uncaught Error: Cannot use object of type WC_Product_Simple as array in D:\xampp2\htdocs\shopping\shoptinhteo\wp-content\themes\storefront\template-parts\popup.php:8
Stack trace:
#0 D:\xampp2\htdocs\shopping\shoptinhteo\wp-content\themes\storefront\inc\setup.php(151): include()
#1 D:\xampp2\htdocs\shopping\shoptinhteo\wp-includes\class-wp-hook.php(286): callback_product_detail('')
#2 D:\xampp2\htdocs\shopping\shoptinhteo\wp-includes\class-wp-hook.php(310): WP_Hook->apply_filters('', Array)
#3 D:\xampp2\htdocs\shopping\shoptinhteo\wp-includes\plugin.php(465): WP_Hook->do_action(Array)
#4 D:\xampp2\htdocs\shopping\shoptinhteo\wp-admin\admin-ajax.php(173): do_action('wp_ajax_product...')
#5 {main}
  thrown in D:\xampp2\htdocs\shopping\shoptinhteo\wp-content\themes\storefront\template-parts\popup.php on line 8

2019-11-27T02:03:02+00:00 CRITICAL Uncaught Error: Call to a member function get_title() on boolean in D:\xampp2\htdocs\shopping\shoptinhteo\wp-content\themes\storefront\template-parts\popup.php:66
Stack trace:
#0 D:\xampp2\htdocs\shopping\shoptinhteo\wp-content\themes\storefront\footer.php(157): include()
#1 D:\xampp2\htdocs\shopping\shoptinhteo\wp-includes\template.php(722): require_once('D:\\xampp2\\htdoc...')
#2 D:\xampp2\htdocs\shopping\shoptinhteo\wp-includes\template.php(671): load_template('D:\\xampp2\\htdoc...', true)
#3 D:\xampp2\htdocs\shopping\shoptinhteo\wp-includes\general-template.php(76): locate_template(Array, true)
#4 D:\xampp2\htdocs\shopping\shoptinhteo\wp-content\themes\storefront\page\home.php(703): get_footer()
#5 D:\xampp2\htdocs\shopping\shoptinhteo\wp-includes\template-loader.php(78): include('D:\\xampp2\\htdoc...')
#6 D:\xampp2\htdocs\shopping\shoptinhteo\wp-blog-header.php(19): require_once('D:\\xampp2\\htdoc...')
#7 D:\xampp2\htdocs\shopping\shoptinhteo\index.php(17): require('D:\\xampp2\\htdoc...')
#8 {main}
  thr in D:\xampp2\htdocs\shopping\shoptinhteo\wp-content\themes\storefront\template-parts\popup.php on line 66

2019-11-27T02:03:31+00:00 CRITICAL Uncaught Error: Call to a member function get_title() on boolean in D:\xampp2\htdocs\shopping\shoptinhteo\wp-content\themes\storefront\template-parts\popup.php:66
Stack trace:
#0 D:\xampp2\htdocs\shopping\shoptinhteo\wp-content\themes\storefront\footer.php(157): include()
#1 D:\xampp2\htdocs\shopping\shoptinhteo\wp-includes\template.php(722): require_once('D:\\xampp2\\htdoc...')
#2 D:\xampp2\htdocs\shopping\shoptinhteo\wp-includes\template.php(671): load_template('D:\\xampp2\\htdoc...', true)
#3 D:\xampp2\htdocs\shopping\shoptinhteo\wp-includes\general-template.php(76): locate_template(Array, true)
#4 D:\xampp2\htdocs\shopping\shoptinhteo\wp-content\themes\storefront\page\home.php(703): get_footer()
#5 D:\xampp2\htdocs\shopping\shoptinhteo\wp-includes\template-loader.php(78): include('D:\\xampp2\\htdoc...')
#6 D:\xampp2\htdocs\shopping\shoptinhteo\wp-blog-header.php(19): require_once('D:\\xampp2\\htdoc...')
#7 D:\xampp2\htdocs\shopping\shoptinhteo\index.php(17): require('D:\\xampp2\\htdoc...')
#8 {main}
  thr in D:\xampp2\htdocs\shopping\shoptinhteo\wp-content\themes\storefront\template-parts\popup.php on line 66

2019-11-27T02:07:04+00:00 CRITICAL Uncaught Error: Call to a member function get_id() on boolean in D:\xampp2\htdocs\shopping\shoptinhteo\wp-content\themes\storefront\template-parts\popup.php:8
Stack trace:
#0 D:\xampp2\htdocs\shopping\shoptinhteo\wp-content\themes\storefront\footer.php(157): include()
#1 D:\xampp2\htdocs\shopping\shoptinhteo\wp-includes\template.php(722): require_once('D:\\xampp2\\htdoc...')
#2 D:\xampp2\htdocs\shopping\shoptinhteo\wp-includes\template.php(671): load_template('D:\\xampp2\\htdoc...', true)
#3 D:\xampp2\htdocs\shopping\shoptinhteo\wp-includes\general-template.php(76): locate_template(Array, true)
#4 D:\xampp2\htdocs\shopping\shoptinhteo\wp-content\themes\storefront\page\home.php(703): get_footer()
#5 D:\xampp2\htdocs\shopping\shoptinhteo\wp-includes\template-loader.php(78): include('D:\\xampp2\\htdoc...')
#6 D:\xampp2\htdocs\shopping\shoptinhteo\wp-blog-header.php(19): require_once('D:\\xampp2\\htdoc...')
#7 D:\xampp2\htdocs\shopping\shoptinhteo\index.php(17): require('D:\\xampp2\\htdoc...')
#8 {main}
  thrown in D:\xampp2\htdocs\shopping\shoptinhteo\wp-content\themes\storefront\template-parts\popup.php on line 8

2019-11-27T02:07:25+00:00 CRITICAL Uncaught Error: Call to a member function get_id() on boolean in D:\xampp2\htdocs\shopping\shoptinhteo\wp-content\themes\storefront\template-parts\popup.php:8
Stack trace:
#0 D:\xampp2\htdocs\shopping\shoptinhteo\wp-content\themes\storefront\footer.php(157): include()
#1 D:\xampp2\htdocs\shopping\shoptinhteo\wp-includes\template.php(722): require_once('D:\\xampp2\\htdoc...')
#2 D:\xampp2\htdocs\shopping\shoptinhteo\wp-includes\template.php(671): load_template('D:\\xampp2\\htdoc...', true)
#3 D:\xampp2\htdocs\shopping\shoptinhteo\wp-includes\general-template.php(76): locate_template(Array, true)
#4 D:\xampp2\htdocs\shopping\shoptinhteo\wp-content\themes\storefront\page\home.php(703): get_footer()
#5 D:\xampp2\htdocs\shopping\shoptinhteo\wp-includes\template-loader.php(78): include('D:\\xampp2\\htdoc...')
#6 D:\xampp2\htdocs\shopping\shoptinhteo\wp-blog-header.php(19): require_once('D:\\xampp2\\htdoc...')
#7 D:\xampp2\htdocs\shopping\shoptinhteo\index.php(17): require('D:\\xampp2\\htdoc...')
#8 {main}
  thrown in D:\xampp2\htdocs\shopping\shoptinhteo\wp-content\themes\storefront\template-parts\popup.php on line 8

2019-11-27T02:07:59+00:00 CRITICAL Uncaught Error: Call to a member function get_id() on boolean in D:\xampp2\htdocs\shopping\shoptinhteo\wp-content\themes\storefront\template-parts\popup.php:8
Stack trace:
#0 D:\xampp2\htdocs\shopping\shoptinhteo\wp-content\themes\storefront\footer.php(157): include()
#1 D:\xampp2\htdocs\shopping\shoptinhteo\wp-includes\template.php(722): require_once('D:\\xampp2\\htdoc...')
#2 D:\xampp2\htdocs\shopping\shoptinhteo\wp-includes\template.php(671): load_template('D:\\xampp2\\htdoc...', true)
#3 D:\xampp2\htdocs\shopping\shoptinhteo\wp-includes\general-template.php(76): locate_template(Array, true)
#4 D:\xampp2\htdocs\shopping\shoptinhteo\wp-content\themes\storefront\page\home.php(703): get_footer()
#5 D:\xampp2\htdocs\shopping\shoptinhteo\wp-includes\template-loader.php(78): include('D:\\xampp2\\htdoc...')
#6 D:\xampp2\htdocs\shopping\shoptinhteo\wp-blog-header.php(19): require_once('D:\\xampp2\\htdoc...')
#7 D:\xampp2\htdocs\shopping\shoptinhteo\index.php(17): require('D:\\xampp2\\htdoc...')
#8 {main}
  thrown in D:\xampp2\htdocs\shopping\shoptinhteo\wp-content\themes\storefront\template-parts\popup.php on line 8

2019-11-27T02:08:08+00:00 CRITICAL Uncaught Error: Call to a member function get_id() on boolean in D:\xampp2\htdocs\shopping\shoptinhteo\wp-content\themes\storefront\template-parts\popup.php:8
Stack trace:
#0 D:\xampp2\htdocs\shopping\shoptinhteo\wp-content\themes\storefront\footer.php(157): include()
#1 D:\xampp2\htdocs\shopping\shoptinhteo\wp-includes\template.php(722): require_once('D:\\xampp2\\htdoc...')
#2 D:\xampp2\htdocs\shopping\shoptinhteo\wp-includes\template.php(671): load_template('D:\\xampp2\\htdoc...', true)
#3 D:\xampp2\htdocs\shopping\shoptinhteo\wp-includes\general-template.php(76): locate_template(Array, true)
#4 D:\xampp2\htdocs\shopping\shoptinhteo\wp-content\themes\storefront\page\home.php(703): get_footer()
#5 D:\xampp2\htdocs\shopping\shoptinhteo\wp-includes\template-loader.php(78): include('D:\\xampp2\\htdoc...')
#6 D:\xampp2\htdocs\shopping\shoptinhteo\wp-blog-header.php(19): require_once('D:\\xampp2\\htdoc...')
#7 D:\xampp2\htdocs\shopping\shoptinhteo\index.php(17): require('D:\\xampp2\\htdoc...')
#8 {main}
  thrown in D:\xampp2\htdocs\shopping\shoptinhteo\wp-content\themes\storefront\template-parts\popup.php on line 8

2019-11-27T02:08:29+00:00 CRITICAL Uncaught Error: Call to a member function get_id() on boolean in D:\xampp2\htdocs\shopping\shoptinhteo\wp-content\themes\storefront\template-parts\popup.php:8
Stack trace:
#0 D:\xampp2\htdocs\shopping\shoptinhteo\wp-content\themes\storefront\footer.php(157): include()
#1 D:\xampp2\htdocs\shopping\shoptinhteo\wp-includes\template.php(722): require_once('D:\\xampp2\\htdoc...')
#2 D:\xampp2\htdocs\shopping\shoptinhteo\wp-includes\template.php(671): load_template('D:\\xampp2\\htdoc...', true)
#3 D:\xampp2\htdocs\shopping\shoptinhteo\wp-includes\general-template.php(76): locate_template(Array, true)
#4 D:\xampp2\htdocs\shopping\shoptinhteo\wp-content\themes\storefront\page\home.php(703): get_footer()
#5 D:\xampp2\htdocs\shopping\shoptinhteo\wp-includes\template-loader.php(78): include('D:\\xampp2\\htdoc...')
#6 D:\xampp2\htdocs\shopping\shoptinhteo\wp-blog-header.php(19): require_once('D:\\xampp2\\htdoc...')
#7 D:\xampp2\htdocs\shopping\shoptinhteo\index.php(17): require('D:\\xampp2\\htdoc...')
#8 {main}
  thrown in D:\xampp2\htdocs\shopping\shoptinhteo\wp-content\themes\storefront\template-parts\popup.php on line 8

2019-11-27T02:08:37+00:00 CRITICAL Uncaught Error: Call to a member function get_id() on boolean in D:\xampp2\htdocs\shopping\shoptinhteo\wp-content\themes\storefront\template-parts\popup.php:8
Stack trace:
#0 D:\xampp2\htdocs\shopping\shoptinhteo\wp-content\themes\storefront\footer.php(157): include()
#1 D:\xampp2\htdocs\shopping\shoptinhteo\wp-includes\template.php(722): require_once('D:\\xampp2\\htdoc...')
#2 D:\xampp2\htdocs\shopping\shoptinhteo\wp-includes\template.php(671): load_template('D:\\xampp2\\htdoc...', true)
#3 D:\xampp2\htdocs\shopping\shoptinhteo\wp-includes\general-template.php(76): locate_template(Array, true)
#4 D:\xampp2\htdocs\shopping\shoptinhteo\wp-content\themes\storefront\page\home.php(703): get_footer()
#5 D:\xampp2\htdocs\shopping\shoptinhteo\wp-includes\template-loader.php(78): include('D:\\xampp2\\htdoc...')
#6 D:\xampp2\htdocs\shopping\shoptinhteo\wp-blog-header.php(19): require_once('D:\\xampp2\\htdoc...')
#7 D:\xampp2\htdocs\shopping\shoptinhteo\index.php(17): require('D:\\xampp2\\htdoc...')
#8 {main}
  thrown in D:\xampp2\htdocs\shopping\shoptinhteo\wp-content\themes\storefront\template-parts\popup.php on line 8

2019-11-27T02:08:56+00:00 CRITICAL Uncaught Error: Call to a member function get_title() on boolean in D:\xampp2\htdocs\shopping\shoptinhteo\wp-content\themes\storefront\template-parts\popup.php:66
Stack trace:
#0 D:\xampp2\htdocs\shopping\shoptinhteo\wp-content\themes\storefront\footer.php(157): include()
#1 D:\xampp2\htdocs\shopping\shoptinhteo\wp-includes\template.php(722): require_once('D:\\xampp2\\htdoc...')
#2 D:\xampp2\htdocs\shopping\shoptinhteo\wp-includes\template.php(671): load_template('D:\\xampp2\\htdoc...', true)
#3 D:\xampp2\htdocs\shopping\shoptinhteo\wp-includes\general-template.php(76): locate_template(Array, true)
#4 D:\xampp2\htdocs\shopping\shoptinhteo\wp-content\themes\storefront\page\home.php(703): get_footer()
#5 D:\xampp2\htdocs\shopping\shoptinhteo\wp-includes\template-loader.php(78): include('D:\\xampp2\\htdoc...')
#6 D:\xampp2\htdocs\shopping\shoptinhteo\wp-blog-header.php(19): require_once('D:\\xampp2\\htdoc...')
#7 D:\xampp2\htdocs\shopping\shoptinhteo\index.php(17): require('D:\\xampp2\\htdoc...')
#8 {main}
  thr in D:\xampp2\htdocs\shopping\shoptinhteo\wp-content\themes\storefront\template-parts\popup.php on line 66

2019-11-27T02:09:28+00:00 CRITICAL Uncaught Error: Call to a member function get_id() on boolean in D:\xampp2\htdocs\shopping\shoptinhteo\wp-content\themes\storefront\template-parts\popup.php:66
Stack trace:
#0 D:\xampp2\htdocs\shopping\shoptinhteo\wp-content\themes\storefront\footer.php(157): include()
#1 D:\xampp2\htdocs\shopping\shoptinhteo\wp-includes\template.php(722): require_once('D:\\xampp2\\htdoc...')
#2 D:\xampp2\htdocs\shopping\shoptinhteo\wp-includes\template.php(671): load_template('D:\\xampp2\\htdoc...', true)
#3 D:\xampp2\htdocs\shopping\shoptinhteo\wp-includes\general-template.php(76): locate_template(Array, true)
#4 D:\xampp2\htdocs\shopping\shoptinhteo\wp-content\themes\storefront\page\home.php(703): get_footer()
#5 D:\xampp2\htdocs\shopping\shoptinhteo\wp-includes\template-loader.php(78): include('D:\\xampp2\\htdoc...')
#6 D:\xampp2\htdocs\shopping\shoptinhteo\wp-blog-header.php(19): require_once('D:\\xampp2\\htdoc...')
#7 D:\xampp2\htdocs\shopping\shoptinhteo\index.php(17): require('D:\\xampp2\\htdoc...')
#8 {main}
  thrown in D:\xampp2\htdocs\shopping\shoptinhteo\wp-content\themes\storefront\template-parts\popup.php on line 66

2019-11-27T13:09:07+00:00 CRITICAL Uncaught Error: Call to a member function get_id() on boolean in D:\xampp2\htdocs\shopping\shoptinhteo\wp-content\themes\storefront\template-parts\popup.php:66
Stack trace:
#0 D:\xampp2\htdocs\shopping\shoptinhteo\wp-content\themes\storefront\footer.php(157): include()
#1 D:\xampp2\htdocs\shopping\shoptinhteo\wp-includes\template.php(722): require_once('D:\\xampp2\\htdoc...')
#2 D:\xampp2\htdocs\shopping\shoptinhteo\wp-includes\template.php(671): load_template('D:\\xampp2\\htdoc...', true)
#3 D:\xampp2\htdocs\shopping\shoptinhteo\wp-includes\general-template.php(76): locate_template(Array, true)
#4 D:\xampp2\htdocs\shopping\shoptinhteo\wp-content\themes\storefront\page\home.php(703): get_footer()
#5 D:\xampp2\htdocs\shopping\shoptinhteo\wp-includes\template-loader.php(78): include('D:\\xampp2\\htdoc...')
#6 D:\xampp2\htdocs\shopping\shoptinhteo\wp-blog-header.php(19): require_once('D:\\xampp2\\htdoc...')
#7 D:\xampp2\htdocs\shopping\shoptinhteo\index.php(17): require('D:\\xampp2\\htdoc...')
#8 {main}
  thrown in D:\xampp2\htdocs\shopping\shoptinhteo\wp-content\themes\storefront\template-parts\popup.php on line 66

2019-11-27T13:09:22+00:00 CRITICAL Uncaught Error: Call to a member function get_id() on boolean in D:\xampp2\htdocs\shopping\shoptinhteo\wp-content\themes\storefront\template-parts\popup.php:66
Stack trace:
#0 D:\xampp2\htdocs\shopping\shoptinhteo\wp-content\themes\storefront\footer.php(157): include()
#1 D:\xampp2\htdocs\shopping\shoptinhteo\wp-includes\template.php(722): require_once('D:\\xampp2\\htdoc...')
#2 D:\xampp2\htdocs\shopping\shoptinhteo\wp-includes\template.php(671): load_template('D:\\xampp2\\htdoc...', true)
#3 D:\xampp2\htdocs\shopping\shoptinhteo\wp-includes\general-template.php(76): locate_template(Array, true)
#4 D:\xampp2\htdocs\shopping\shoptinhteo\wp-content\themes\storefront\page\home.php(703): get_footer()
#5 D:\xampp2\htdocs\shopping\shoptinhteo\wp-includes\template-loader.php(78): include('D:\\xampp2\\htdoc...')
#6 D:\xampp2\htdocs\shopping\shoptinhteo\wp-blog-header.php(19): require_once('D:\\xampp2\\htdoc...')
#7 D:\xampp2\htdocs\shopping\shoptinhteo\index.php(17): require('D:\\xampp2\\htdoc...')
#8 {main}
  thrown in D:\xampp2\htdocs\shopping\shoptinhteo\wp-content\themes\storefront\template-parts\popup.php on line 66

2019-11-27T13:10:10+00:00 CRITICAL Uncaught Error: Call to a member function get_id() on boolean in D:\xampp2\htdocs\shopping\shoptinhteo\wp-content\themes\storefront\template-parts\popup.php:66
Stack trace:
#0 D:\xampp2\htdocs\shopping\shoptinhteo\wp-content\themes\storefront\footer.php(157): include()
#1 D:\xampp2\htdocs\shopping\shoptinhteo\wp-includes\template.php(722): require_once('D:\\xampp2\\htdoc...')
#2 D:\xampp2\htdocs\shopping\shoptinhteo\wp-includes\template.php(671): load_template('D:\\xampp2\\htdoc...', true)
#3 D:\xampp2\htdocs\shopping\shoptinhteo\wp-includes\general-template.php(76): locate_template(Array, true)
#4 D:\xampp2\htdocs\shopping\shoptinhteo\wp-content\themes\storefront\page\home.php(703): get_footer()
#5 D:\xampp2\htdocs\shopping\shoptinhteo\wp-includes\template-loader.php(78): include('D:\\xampp2\\htdoc...')
#6 D:\xampp2\htdocs\shopping\shoptinhteo\wp-blog-header.php(19): require_once('D:\\xampp2\\htdoc...')
#7 D:\xampp2\htdocs\shopping\shoptinhteo\index.php(17): require('D:\\xampp2\\htdoc...')
#8 {main}
  thrown in D:\xampp2\htdocs\shopping\shoptinhteo\wp-content\themes\storefront\template-parts\popup.php on line 66

2019-11-27T13:32:27+00:00 CRITICAL Uncaught Error: Call to a member function get_title() on boolean in D:\xampp2\htdocs\shopping\shoptinhteo\wp-content\themes\storefront\template-parts\popup.php:66
Stack trace:
#0 D:\xampp2\htdocs\shopping\shoptinhteo\wp-content\themes\storefront\footer.php(158): include()
#1 D:\xampp2\htdocs\shopping\shoptinhteo\wp-includes\template.php(722): require_once('D:\\xampp2\\htdoc...')
#2 D:\xampp2\htdocs\shopping\shoptinhteo\wp-includes\template.php(671): load_template('D:\\xampp2\\htdoc...', true)
#3 D:\xampp2\htdocs\shopping\shoptinhteo\wp-includes\general-template.php(76): locate_template(Array, true)
#4 D:\xampp2\htdocs\shopping\shoptinhteo\wp-content\themes\storefront\page\home.php(704): get_footer()
#5 D:\xampp2\htdocs\shopping\shoptinhteo\wp-includes\template-loader.php(78): include('D:\\xampp2\\htdoc...')
#6 D:\xampp2\htdocs\shopping\shoptinhteo\wp-blog-header.php(19): require_once('D:\\xampp2\\htdoc...')
#7 D:\xampp2\htdocs\shopping\shoptinhteo\index.php(17): require('D:\\xampp2\\htdoc...')
#8 {main}
  thr in D:\xampp2\htdocs\shopping\shoptinhteo\wp-content\themes\storefront\template-parts\popup.php on line 66

2019-11-27T14:53:58+00:00 CRITICAL syntax error, unexpected ')' in D:\xampp2\htdocs\shopping\shoptinhteo\wp-content\themes\storefront\template-parts\popup.php on line 8

2019-11-27T14:54:15+00:00 CRITICAL syntax error, unexpected ')' in D:\xampp2\htdocs\shopping\shoptinhteo\wp-content\themes\storefront\template-parts\popup.php on line 8

2019-11-27T14:54:39+00:00 CRITICAL syntax error, unexpected ')' in D:\xampp2\htdocs\shopping\shoptinhteo\wp-content\themes\storefront\template-parts\popup.php on line 8

2019-11-27T14:54:52+00:00 CRITICAL syntax error, unexpected ')' in D:\xampp2\htdocs\shopping\shoptinhteo\wp-content\themes\storefront\template-parts\popup.php on line 8

2019-11-27T14:55:49+00:00 CRITICAL syntax error, unexpected ')' in D:\xampp2\htdocs\shopping\shoptinhteo\wp-content\themes\storefront\template-parts\popup.php on line 85

2019-11-27T14:56:14+00:00 CRITICAL syntax error, unexpected ')' in D:\xampp2\htdocs\shopping\shoptinhteo\wp-content\themes\storefront\template-parts\popup.php on line 8

