2019-11-26T15:44:53+00:00 CRITICAL Uncaught Error: Function name must be a string in D:\xampp2\htdocs\shopping\shoptinhteo\wp-content\themes\storefront\template-parts\popup.php:1
Stack trace:
#0 D:\xampp2\htdocs\shopping\shoptinhteo\wp-content\themes\storefront\footer.php(157): include()
#1 D:\xampp2\htdocs\shopping\shoptinhteo\wp-includes\template.php(722): require_once('D:\\xampp2\\htdoc...')
#2 D:\xampp2\htdocs\shopping\shoptinhteo\wp-includes\template.php(671): load_template('D:\\xampp2\\htdoc...', true)
#3 D:\xampp2\htdocs\shopping\shoptinhteo\wp-includes\general-template.php(76): locate_template(Array, true)
#4 D:\xampp2\htdocs\shopping\shoptinhteo\wp-content\themes\storefront\page\home.php(703): get_footer()
#5 D:\xampp2\htdocs\shopping\shoptinhteo\wp-includes\template-loader.php(78): include('D:\\xampp2\\htdoc...')
#6 D:\xampp2\htdocs\shopping\shoptinhteo\wp-blog-header.php(19): require_once('D:\\xampp2\\htdoc...')
#7 D:\xampp2\htdocs\shopping\shoptinhteo\index.php(17): require('D:\\xampp2\\htdoc...')
#8 {main}
  thrown in D:\xampp2\htdocs\shopping\shoptinhteo\wp-content\themes\storefront\template-parts\popup.php on line 1

2019-11-26T15:45:02+00:00 CRITICAL Uncaught Error: Array callback has to contain indices 0 and 1 in D:\xampp2\htdocs\shopping\shoptinhteo\wp-content\themes\storefront\template-parts\popup.php:1
Stack trace:
#0 D:\xampp2\htdocs\shopping\shoptinhteo\wp-content\themes\storefront\inc\setup.php(151): include()
#1 D:\xampp2\htdocs\shopping\shoptinhteo\wp-includes\class-wp-hook.php(286): callback_product_detail('')
#2 D:\xampp2\htdocs\shopping\shoptinhteo\wp-includes\class-wp-hook.php(310): WP_Hook->apply_filters('', Array)
#3 D:\xampp2\htdocs\shopping\shoptinhteo\wp-includes\plugin.php(465): WP_Hook->do_action(Array)
#4 D:\xampp2\htdocs\shopping\shoptinhteo\wp-admin\admin-ajax.php(173): do_action('wp_ajax_product...')
#5 {main}
  thrown in D:\xampp2\htdocs\shopping\shoptinhteo\wp-content\themes\storefront\template-parts\popup.php on line 1

